Using pre-set license
Built from '2020.3/staging' branch; Version is '2020.3.10f1 (297d780c91bc) revision 2719096'; Using compiler version '192528614'; Build Type 'Release'
OS: 'Windows 10 Home; OS build 19041.1237; Version 2004; 64bit' Language: 'en' Physical Memory: 8075 MB
BatchMode: 1, IsHumanControllingUs: 0, StartBugReporterOnCrash: 0, Is64bit: 1, IsPro: 0

 COMMAND LINE ARGUMENTS:
E:\Unity\Hub\Editor\2020.3.10f1\Editor\Unity.exe
-adb2
-batchMode
-noUpm
-name
AssetImportWorker0
-projectPath
E:/Projects/Gamejam
-logFile
Logs/AssetImportWorker0.log
-srvPort
55740
Successfully changed project path to: E:/Projects/Gamejam
E:/Projects/Gamejam
Using Asset Import Pipeline V2.
Refreshing native plugins compatible for Editor in 31.23 ms, found 2 plugins.
Preloading 0 native plugins for Editor in 0.00 ms.
Initialize engine version: 2020.3.10f1 (297d780c91bc)
[Subsystems] Discovering subsystems at path E:/Unity/Hub/Editor/2020.3.10f1/Editor/Data/Resources/UnitySubsystems
[Subsystems] Discovering subsystems at path E:/Projects/Gamejam/Assets
GfxDevice: creating device client; threaded=0
Direct3D:
    Version:  Direct3D 11.0 [level 11.1]
    Renderer: NVIDIA GeForce GTX 1050 (ID=0x1c8d)
    Vendor:   
    VRAM:     4019 MB
    Driver:   30.0.14.7168
Initialize mono
Mono path[0] = 'E:/Unity/Hub/Editor/2020.3.10f1/Editor/Data/Managed'
Mono path[1] = 'E:/Unity/Hub/Editor/2020.3.10f1/Editor/Data/MonoBleedingEdge/lib/mono/unityjit'
Mono config path = 'E:/Unity/Hub/Editor/2020.3.10f1/Editor/Data/MonoBleedingEdge/etc'
Using monoOptions --debugger-agent=transport=dt_socket,embedding=1,server=y,suspend=n,address=127.0.0.1:56244
Begin MonoManager ReloadAssembly
Registering precompiled unity dll's ...
Register platform support module: E:/Unity/Hub/Editor/2020.3.10f1/Editor/Data/PlaybackEngines/WindowsStandaloneSupport/UnityEditor.WindowsStandalone.Extensions.dll
Registered in 0.001220 seconds.
Native extension for WindowsStandalone target not found
Refreshing native plugins compatible for Editor in 26.79 ms, found 2 plugins.
Preloading 0 native plugins for Editor in 0.00 ms.
Mono: successfully reloaded assembly
- Completed reload, in  1.618 seconds
Platform modules already initialized, skipping
Registering precompiled user dll's ...
Registered in 0.002815 seconds.
Begin MonoManager ReloadAssembly
Native extension for WindowsStandalone target not found
Refreshing native plugins compatible for Editor in 0.29 ms, found 2 plugins.
Preloading 0 native plugins for Editor in 0.00 ms.
Mono: successfully reloaded assembly
- Completed reload, in  1.065 seconds
Platform modules already initialized, skipping
========================================================================
Worker process is ready to serve import requests
Launched and connected shader compiler UnityShaderCompiler.exe after 0.07 seconds
Refreshing native plugins compatible for Editor in 0.61 ms, found 2 plugins.
Preloading 0 native plugins for Editor in 0.00 ms.
Unloading 1405 Unused Serialized files (Serialized files now loaded: 0)
System memory in use before: 66.9 MB.
System memory in use after: 67.0 MB.

Unloading 19 unused Assets to reduce memory usage. Loaded Objects now: 1839.
Total: 2.319800 ms (FindLiveObjects: 0.160500 ms CreateObjectMapping: 0.040800 ms MarkObjects: 1.924200 ms  DeleteObjects: 0.193300 ms)

========================================================================
Received Import Request.
  path: Assets/Project/Scripts/UI/StatementUI.cs
  artifactKey: Guid(f708da9fb9e2c0c49ae24917a8e17118) Importer(815301076,1909f56bfc062723c751e8b465ee728b)
Start importing Assets/Project/Scripts/UI/StatementUI.cs using Guid(f708da9fb9e2c0c49ae24917a8e17118) Importer(815301076,1909f56bfc062723c751e8b465ee728b)  -> (artifact id: '9d38faebed6257f6d363c1f572112444') in 0.043601 seconds
  Import took 0.046129 seconds .

========================================================================
Received Import Request.
  Time since last request: 0.000433 seconds.
  path: Assets/Project/Scripts/Components/RobotBehaviour.cs
  artifactKey: Guid(03c0187ccc4ba3a42b4036cd620ae9b1) Importer(815301076,1909f56bfc062723c751e8b465ee728b)
Start importing Assets/Project/Scripts/Components/RobotBehaviour.cs using Guid(03c0187ccc4ba3a42b4036cd620ae9b1) Importer(815301076,1909f56bfc062723c751e8b465ee728b)  -> (artifact id: 'c4fd5ee13d66cb6809dc3566c8004407') in 0.011971 seconds
  Import took 0.015121 seconds .

========================================================================
Received Import Request.
  Time since last request: 0.000311 seconds.
  path: Assets/Project/Scripts/Data/StatementData.cs
  artifactKey: Guid(f0cca63d49361634ab4d3833df74b955) Importer(815301076,1909f56bfc062723c751e8b465ee728b)
Start importing Assets/Project/Scripts/Data/StatementData.cs using Guid(f0cca63d49361634ab4d3833df74b955) Importer(815301076,1909f56bfc062723c751e8b465ee728b)  -> (artifact id: 'c4961ed3f38a4ef6ba7412f68535b884') in 0.009298 seconds
  Import took 0.013192 seconds .

========================================================================
Received Import Request.
  Time since last request: 0.000335 seconds.
  path: Assets/Project/Scripts/Components/StatementIF.cs
  artifactKey: Guid(e4755c28e41e3ee4287904e96e6b5585) Importer(815301076,1909f56bfc062723c751e8b465ee728b)
Start importing Assets/Project/Scripts/Components/StatementIF.cs using Guid(e4755c28e41e3ee4287904e96e6b5585) Importer(815301076,1909f56bfc062723c751e8b465ee728b)  -> (artifact id: 'beeea2d116976aa0259ef38f6d30641b') in 0.009423 seconds
  Import took 0.012869 seconds .

========================================================================
Received Import Request.
  Time since last request: 2.183282 seconds.
  path: Assets/Project/Scripts/Domains/Objects/Statement.cs
  artifactKey: Guid(bc4e2ffe9fe4c684cb63ba081711dcd2) Importer(815301076,1909f56bfc062723c751e8b465ee728b)
Start importing Assets/Project/Scripts/Domains/Objects/Statement.cs using Guid(bc4e2ffe9fe4c684cb63ba081711dcd2) Importer(815301076,1909f56bfc062723c751e8b465ee728b)  -> (artifact id: '7eb1ab5585556efda9a0a99e253c77df') in 0.007244 seconds
  Import took 0.009864 seconds .

========================================================================
Received Import Request.
  Time since last request: 0.001181 seconds.
  path: Assets/Project/Scripts/Domains/Objects/Statement.cs
  artifactKey: Guid(bc4e2ffe9fe4c684cb63ba081711dcd2) Importer(815301076,1909f56bfc062723c751e8b465ee728b)
Start importing Assets/Project/Scripts/Domains/Objects/Statement.cs using Guid(bc4e2ffe9fe4c684cb63ba081711dcd2) Importer(815301076,1909f56bfc062723c751e8b465ee728b)  -> (artifact id: '7eb1ab5585556efda9a0a99e253c77df') in 0.002753 seconds
  Import took 0.005587 seconds .

========================================================================
Received Prepare
Refreshing native plugins compatible for Editor in 5.30 ms, found 2 plugins.
Preloading 0 native plugins for Editor in 0.00 ms.
Unloading 12 Unused Serialized files (Serialized files now loaded: 0)
System memory in use before: 38.2 MB.
System memory in use after: 38.3 MB.

Unloading 12 unused Assets to reduce memory usage. Loaded Objects now: 1839.
Total: 4.356500 ms (FindLiveObjects: 0.409800 ms CreateObjectMapping: 0.199200 ms MarkObjects: 3.632400 ms  DeleteObjects: 0.112400 ms)

========================================================================
Received Import Request.
  Time since last request: 6.340910 seconds.
  path: Assets/Project/Scripts/UI
  artifactKey: Guid(be8d69c5ca5e2704a9467c373687e6c1) Importer(815301076,1909f56bfc062723c751e8b465ee728b)
Start importing Assets/Project/Scripts/UI using Guid(be8d69c5ca5e2704a9467c373687e6c1) Importer(815301076,1909f56bfc062723c751e8b465ee728b)  -> (artifact id: '9cd0990dccecc9625f2450cd377c73cf') in 0.010965 seconds
  Import took 0.015111 seconds .

AssetImportWorkerClient::OnTransportError - code=2 error=End of file
